<?xml version="1.0" encoding="UTF-8"?>
<beans xmlns="http://www.springframework.org/schema/beans"
	xmlns:xsi="http://www.w3.org/2001/XMLSchema-instance"
	xmlns:ehcache="http://ehcache-spring-annotations.googlecode.com/svn/schema/ehcache-spring"
	xmlns:jee="http://www.springframework.org/schema/jee"
	xmlns:context="http://www.springframework.org/schema/context"
	xmlns:tx="http://www.springframework.org/schema/tx"
	xmlns:task="http://www.springframework.org/schema/task"
	xmlns:jdbc="http://www.springframework.org/schema/jdbc"
	xmlns:aop="http://www.springframework.org/schema/aop"
	xmlns:p="http://www.springframework.org/schema/p"
	xsi:schemaLocation="http://www.springframework.org/schema/jee http://www.springframework.org/schema/jee/spring-jee-3.0.xsd
		http://www.springframework.org/schema/beans http://www.springframework.org/schema/beans/spring-beans-3.0.xsd
		http://www.springframework.org/schema/context http://www.springframework.org/schema/context/spring-context-3.0.xsd
		http://www.springframework.org/schema/tx http://www.springframework.org/schema/tx/spring-tx-3.0.xsd
		http://www.springframework.org/schema/task http://www.springframework.org/schema/task/spring-task.xsd
		http://www.springframework.org/schema/jdbc http://www.springframework.org/schema/jdbc/spring-jdbc-3.0.xsd
		http://www.springframework.org/schema/aop http://www.springframework.org/schema/aop/spring-aop-3.0.xsd
		http://ehcache-spring-annotations.googlecode.com/svn/schema/ehcache-spring
        http://ehcache-spring-annotations.googlecode.com/svn/schema/ehcache-spring/ehcache-spring-1.1.xsd">
  
	<bean id="propertyConfigurer" class="com.dmi.smartux.test.common.property.TestSmartUXProperties">
		<property name="locations">
			<list>
				<value>classpath:com/dmi/smartux/test/resource/properties/smartux.properties</value>
				<value>classpath:com/dmi/smartux/test/resource/properties/errorcode.properties</value>
				<value>classpath:com/dmi/smartux/test/resource/properties/GetThemeInfo.properties</value>
				<value>classpath:com/dmi/smartux/test/resource/properties/GetRealRating.properties</value>
				<value>classpath:com/dmi/smartux/test/resource/properties/GetMainPanelVersionInfo.properties</value>
				<value>classpath:com/dmi/smartux/test/resource/properties/GetMainPanelInterlockingInfo.properties</value>
				<value>classpath:com/dmi/smartux/test/resource/properties/setPushNoti.properties</value>
				<value>classpath:com/dmi/smartux/test/resource/properties/moveDevicePageURL.properties</value>
				<value>classpath:com/dmi/smartux/test/resource/properties/addReservedProgram.properties</value>
				<value>classpath:com/dmi/smartux/test/resource/properties/removeReservedProgram.properties</value>
				<value>classpath:com/dmi/smartux/test/resource/properties/getReservedProgramList.properties</value>
				<value>classpath:com/dmi/smartux/test/resource/properties/GenreVodBestList.properties</value>
				<value>classpath:com/dmi/smartux/test/resource/properties/SmartStartItemList.properties</value>
				<value>classpath:com/dmi/smartux/test/resource/properties/GetConfiguration.properties</value>
				<value>classpath:com/dmi/smartux/test/resource/properties/GetWishList.properties</value>				
			</list>
		</property>
	</bean>
	
</beans>
